2018-08-03 09:48:02,164 [MainThread  ] [INFO ]  App ready

2018-08-03 09:48:02,164 [MainThread  ] [INFO ]  Training smalltalk in app start up
2018-08-03 09:48:03,605 [MainThread  ] [INFO ]  App ready

2018-08-03 09:48:03,606 [MainThread  ] [INFO ]  Training smalltalk in app start up
2018-08-03 09:48:35,062 [Thread-3    ] [INFO ]  User input -->hi
2018-08-03 09:48:35,062 [Thread-3    ] [INFO ]  Smalltalk input : hi
2018-08-03 09:48:35,333 [Thread-3    ] [INFO ]  Received input statement: hi
2018-08-03 09:48:35,346 [Thread-3    ] [INFO ]  "hi" is a known statement
2018-08-03 09:48:37,809 [Thread-3    ] [INFO ]  Using "hi" as a close match to "hi"
2018-08-03 09:48:37,817 [Thread-3    ] [INFO ]  Selecting response from 4 optimal responses.
2018-08-03 09:48:37,818 [Thread-3    ] [INFO ]  Selecting a response from list of 4 options.
2018-08-03 09:48:37,818 [Thread-3    ] [INFO ]  Response selected. Using "Hi there, friend!"
2018-08-03 09:48:37,818 [Thread-3    ] [INFO ]  BestMatch selected "Hi there, friend!" as a response with a confidence of 1.0
2018-08-03 09:48:39,709 [Thread-3    ] [INFO ]  Selecting first response from list of 1 options.
2018-08-03 09:48:39,709 [Thread-3    ] [INFO ]  LowConfidenceAdapter selected "I am sorry, but I do not understand." as a response with a confidence of 0
2018-08-03 09:48:39,712 [Thread-3    ] [INFO ]  NoKnowledgeAdapter selected "hi" as a response with a confidence of 0
2018-08-03 09:48:39,721 [Thread-3    ] [INFO ]  Smalltalk response : Hi there, friend!
2018-08-03 09:48:39,721 [Thread-3    ] [INFO ]  
Response time --->4.659122943878174
2018-08-03 09:48:39,722 [Thread-3    ] [INFO ]  Hi there, friend!
2018-08-03 09:48:39,901 [Thread-4    ] [WARNI]  Not Found: /favicon.ico
2018-08-03 10:04:06,495 [Thread-5    ] [INFO ]  User input -->hi
2018-08-03 10:04:06,496 [Thread-5    ] [INFO ]  Smalltalk input : hi
2018-08-03 10:04:06,496 [Thread-5    ] [INFO ]  Received input statement: hi
2018-08-03 10:04:06,546 [Thread-5    ] [INFO ]  "hi" is a known statement
2018-08-03 10:04:08,452 [Thread-5    ] [INFO ]  Using "hi" as a close match to "hi"
2018-08-03 10:04:08,466 [Thread-5    ] [INFO ]  Selecting response from 4 optimal responses.
2018-08-03 10:04:08,466 [Thread-5    ] [INFO ]  Selecting a response from list of 4 options.
2018-08-03 10:04:08,466 [Thread-5    ] [INFO ]  Response selected. Using "Good day!"
2018-08-03 10:04:08,466 [Thread-5    ] [INFO ]  BestMatch selected "Good day!" as a response with a confidence of 1.0
2018-08-03 10:04:10,272 [Thread-5    ] [INFO ]  Selecting first response from list of 1 options.
2018-08-03 10:04:10,273 [Thread-5    ] [INFO ]  LowConfidenceAdapter selected "I am sorry, but I do not understand." as a response with a confidence of 0
2018-08-03 10:04:10,276 [Thread-5    ] [INFO ]  NoKnowledgeAdapter selected "hi" as a response with a confidence of 0
2018-08-03 10:04:10,283 [Thread-5    ] [INFO ]  Smalltalk response : Good day!
2018-08-03 10:04:10,283 [Thread-5    ] [INFO ]  
Response time --->3.787327289581299
2018-08-03 10:04:10,283 [Thread-5    ] [INFO ]  Good day!
2018-08-03 10:05:38,091 [MainThread  ] [INFO ]  App ready

2018-08-03 10:05:38,092 [MainThread  ] [INFO ]  Training smalltalk in app start up
2018-08-03 10:05:38,650 [MainThread  ] [INFO ]  App ready

2018-08-03 10:05:38,651 [MainThread  ] [INFO ]  Training smalltalk in app start up
2018-08-03 10:06:00,100 [MainThread  ] [INFO ]  App ready

2018-08-03 10:06:00,100 [MainThread  ] [INFO ]  Training smalltalk in app start up
2018-08-03 10:06:00,524 [MainThread  ] [INFO ]  App ready

2018-08-03 10:06:00,524 [MainThread  ] [INFO ]  Training smalltalk in app start up
2018-08-03 10:06:33,104 [Thread-1    ] [INFO ]  User input -->hi
2018-08-03 10:06:33,104 [Thread-1    ] [INFO ]  Smalltalk input : hi
2018-08-03 10:06:33,311 [Thread-1    ] [INFO ]  Received input statement: hi
2018-08-03 10:06:33,329 [Thread-1    ] [INFO ]  "hi" is a known statement
2018-08-03 10:06:35,265 [Thread-1    ] [INFO ]  Using "hi" as a close match to "hi"
2018-08-03 10:06:35,277 [Thread-1    ] [INFO ]  Selecting response from 4 optimal responses.
2018-08-03 10:06:35,277 [Thread-1    ] [INFO ]  Selecting a response from list of 4 options.
2018-08-03 10:06:35,277 [Thread-1    ] [INFO ]  Response selected. Using "Howdy."
2018-08-03 10:06:35,277 [Thread-1    ] [INFO ]  BestMatch selected "Howdy." as a response with a confidence of 1.0
2018-08-03 10:06:37,173 [Thread-1    ] [INFO ]  Selecting first response from list of 1 options.
2018-08-03 10:06:37,173 [Thread-1    ] [INFO ]  LowConfidenceAdapter selected "I am sorry, but I do not understand." as a response with a confidence of 0
2018-08-03 10:06:37,178 [Thread-1    ] [INFO ]  NoKnowledgeAdapter selected "hi" as a response with a confidence of 0
2018-08-03 10:06:37,185 [Thread-1    ] [INFO ]  Smalltalk response : Howdy.
2018-08-03 10:06:37,185 [Thread-1    ] [INFO ]  
Response time --->4.08046817779541
2018-08-03 10:06:37,185 [Thread-1    ] [INFO ]  Howdy.
2018-08-03 10:06:43,217 [Thread-6    ] [INFO ]  User input -->hello
2018-08-03 10:06:43,217 [Thread-6    ] [INFO ]  Smalltalk input : hello
2018-08-03 10:06:43,217 [Thread-6    ] [INFO ]  Received input statement: hello
2018-08-03 10:06:43,226 [Thread-6    ] [INFO ]  "hello" is a known statement
2018-08-03 10:06:45,114 [Thread-6    ] [INFO ]  Using "hello" as a close match to "hello"
2018-08-03 10:06:45,124 [Thread-6    ] [INFO ]  Selecting response from 4 optimal responses.
2018-08-03 10:06:45,124 [Thread-6    ] [INFO ]  Selecting a response from list of 4 options.
2018-08-03 10:06:45,124 [Thread-6    ] [INFO ]  Response selected. Using "Howdy."
2018-08-03 10:06:45,124 [Thread-6    ] [INFO ]  BestMatch selected "Howdy." as a response with a confidence of 1.0
2018-08-03 10:06:46,959 [Thread-6    ] [INFO ]  Selecting first response from list of 1 options.
2018-08-03 10:06:46,959 [Thread-6    ] [INFO ]  LowConfidenceAdapter selected "I am sorry, but I do not understand." as a response with a confidence of 0
2018-08-03 10:06:46,962 [Thread-6    ] [INFO ]  NoKnowledgeAdapter selected "hello" as a response with a confidence of 0
2018-08-03 10:06:46,968 [Thread-6    ] [INFO ]  Smalltalk response : Howdy.
2018-08-03 10:06:46,968 [Thread-6    ] [INFO ]  
Response time --->3.7516355514526367
2018-08-03 10:06:46,969 [Thread-6    ] [INFO ]  Howdy.
